<?xml version="1.0" encoding="UTF-8"?>
<testng-results ignored="0" total="1" passed="1" failed="0" skipped="0">
  <reporter-output>
    <line>
      <![CDATA[i am in dws]]>
    </line>
    <line>
      <![CDATA[I am in rss url]]>
    </line>
  </reporter-output>
  <suite started-at="2025-03-02T13:51:06 IST" name="Default suite" finished-at="2025-03-02T13:51:41 IST" duration-ms="35695">
    <groups>
    </groups>
    <test started-at="2025-03-02T13:51:06 IST" name="Default test" finished-at="2025-03-02T13:51:41 IST" duration-ms="35695">
      <class name="TestCase.Tasks">
        <test-method is-config="true" signature="preCondition()[pri:0, instance:TestCase.Tasks@24569dba]" started-at="2025-03-02T13:51:06 IST" name="preCondition" finished-at="2025-03-02T13:51:33 IST" duration-ms="27049" status="PASS">
          <reporter-output>
          </reporter-output>
        </test-method> <!-- preCondition -->
        <test-method is-config="true" signature="login()[pri:0, instance:TestCase.Tasks@24569dba]" started-at="2025-03-02T13:51:33 IST" name="login" finished-at="2025-03-02T13:51:37 IST" duration-ms="4492" status="PASS">
          <reporter-output>
          </reporter-output>
        </test-method> <!-- login -->
        <test-method signature="testCase1()[pri:0, instance:TestCase.Tasks@24569dba]" started-at="2025-03-02T13:51:37 IST" name="testCase1" finished-at="2025-03-02T13:51:41 IST" duration-ms="3892" status="PASS">
          <reporter-output>
            <line>
              <![CDATA[i am in dws]]>
            </line>
            <line>
              <![CDATA[I am in rss url]]>
            </line>
          </reporter-output>
        </test-method> <!-- testCase1 -->
      </class> <!-- TestCase.Tasks -->
    </test> <!-- Default test -->
  </suite> <!-- Default suite -->
</testng-results>
